<?xml version="1.0" encoding="UTF-8"?>
<!-- Generated by org.testng.reporters.JUnitXMLReporter -->
<testsuite ignored="0" hostname="GSPLK-LPA553" failures="2" tests="5" name="Test" time="79.172" errors="0" timestamp="2024-12-17T12:28:05 IST">
  <testcase classname="testCases.TC003_LoginTestDDT" name="loginTestDDT" time="2.891"/>
  <testcase classname="testCases.TC003_LoginTestDDT" name="loginTestDDT" time="12.2">
    <failure type="java.lang.AssertionError" message="expected [true] but found [false]">
      <![CDATA[java.lang.AssertionError: expected [true] but found [false]
at testCases.TC003_LoginTestDDT.loginTestDDT(TC003_LoginTestDDT.java:34)
at java.base/java.util.ArrayList.forEach(ArrayList.java:1597)
... Removed 29 stack frames]]>
    </failure>
  </testcase> <!-- loginTestDDT -->
  <testcase classname="testCases.TC003_LoginTestDDT" name="loginTestDDT" time="11.629">
    <failure type="java.lang.AssertionError" message="expected [true] but found [false]">
      <![CDATA[java.lang.AssertionError: expected [true] but found [false]
at testCases.TC003_LoginTestDDT.loginTestDDT(TC003_LoginTestDDT.java:34)
at java.base/java.util.ArrayList.forEach(ArrayList.java:1597)
... Removed 29 stack frames]]>
    </failure>
  </testcase> <!-- loginTestDDT -->
  <testcase classname="testCases.TC003_LoginTestDDT" name="loginTestDDT" time="11.482"/>
  <testcase classname="testCases.TC003_LoginTestDDT" name="loginTestDDT" time="11.474"/>
</testsuite> <!-- Test -->
