<?xml version="1.0" encoding="UTF-8"?>
<!-- Generated by org.testng.reporters.JUnitXMLReporter -->
<testsuite ignored="0" hostname="GSPLK-LPA553" failures="2" tests="5" name="Test" time="81.458" errors="0" timestamp="2024-12-19T11:53:08 IST">
  <testcase classname="testCases.TC003_LoginTestDDT" name="loginTestDDT" time="3.328"/>
  <testcase classname="testCases.TC003_LoginTestDDT" name="loginTestDDT" time="11.513">
    <failure type="java.lang.AssertionError" message="expected [true] but found [false]">
      <![CDATA[java.lang.AssertionError: expected [true] but found [false]
at testCases.TC003_LoginTestDDT.loginTestDDT(TC003_LoginTestDDT.java:34)
at java.base/java.util.ArrayList.forEach(ArrayList.java:1597)
... Removed 29 stack frames]]>
    </failure>
  </testcase> <!-- loginTestDDT -->
  <testcase classname="testCases.TC003_LoginTestDDT" name="loginTestDDT" time="11.563">
    <failure type="java.lang.AssertionError" message="expected [true] but found [false]">
      <![CDATA[java.lang.AssertionError: expected [true] but found [false]
at testCases.TC003_LoginTestDDT.loginTestDDT(TC003_LoginTestDDT.java:34)
at java.base/java.util.ArrayList.forEach(ArrayList.java:1597)
... Removed 29 stack frames]]>
    </failure>
  </testcase> <!-- loginTestDDT -->
  <testcase classname="testCases.TC003_LoginTestDDT" name="loginTestDDT" time="12.252"/>
  <testcase classname="testCases.TC003_LoginTestDDT" name="loginTestDDT" time="11.448"/>
</testsuite> <!-- Test -->
