<?xml version="1.0" encoding="UTF-8"?>
<testng-results ignored="0" total="2" passed="2" failed="0" skipped="0">
  <reporter-output>
  </reporter-output>
  <suite started-at="2024-12-19T12:11:49 IST" name="Failed suite [Master Suite]" finished-at="2024-12-19T12:12:45 IST" duration-ms="55964">
    <groups>
      <group name="Datadriven">
        <method signature="TC003_LoginTestDDT.loginTestDDT(java.lang.String,java.lang.String,java.lang.String)[pri:0, instance:testCases.TC003_LoginTestDDT@16c63f5]" name="loginTestDDT" class="testCases.TC003_LoginTestDDT"/>
      </group> <!-- Datadriven -->
    </groups>
    <test started-at="2024-12-19T12:11:49 IST" name="Test(failed)" finished-at="2024-12-19T12:12:45 IST" duration-ms="55964">
      <class name="testCases.TC003_LoginTestDDT">
        <test-method is-config="true" signature="setup(java.lang.String,java.lang.String)[pri:0, instance:testCases.TC003_LoginTestDDT@16c63f5]" started-at="2024-12-19T12:11:50 IST" name="setup" finished-at="2024-12-19T12:12:15 IST" duration-ms="25170" status="PASS">
          <params>
            <param index="0">
              <value>
                <![CDATA[Windows]]>
              </value>
            </param>
            <param index="1">
              <value>
                <![CDATA[chrome]]>
              </value>
            </param>
          </params>
          <reporter-output>
          </reporter-output>
        </test-method> <!-- setup -->
        <test-method signature="loginTestDDT(java.lang.String,java.lang.String,java.lang.String)[pri:0, instance:testCases.TC003_LoginTestDDT@16c63f5]" started-at="2024-12-19T12:12:18 IST" name="loginTestDDT" data-provider="LoginData" finished-at="2024-12-19T12:12:30 IST" duration-ms="12600" status="PASS">
          <params>
            <param index="0">
              <value>
                <![CDATA[testautomation1@gmail.com]]>
              </value>
            </param>
            <param index="1">
              <value>
                <![CDATA[testautomation3@123]]>
              </value>
            </param>
            <param index="2">
              <value>
                <![CDATA[invalid]]>
              </value>
            </param>
          </params>
          <reporter-output>
          </reporter-output>
        </test-method> <!-- loginTestDDT -->
        <test-method signature="loginTestDDT(java.lang.String,java.lang.String,java.lang.String)[pri:0, instance:testCases.TC003_LoginTestDDT@16c63f5]" started-at="2024-12-19T12:12:30 IST" name="loginTestDDT" data-provider="LoginData" finished-at="2024-12-19T12:12:42 IST" duration-ms="11443" status="PASS">
          <params>
            <param index="0">
              <value>
                <![CDATA[testautomation2@gmail.com]]>
              </value>
            </param>
            <param index="1">
              <value>
                <![CDATA[testautomation@123]]>
              </value>
            </param>
            <param index="2">
              <value>
                <![CDATA[invalid]]>
              </value>
            </param>
          </params>
          <reporter-output>
          </reporter-output>
        </test-method> <!-- loginTestDDT -->
        <test-method is-config="true" signature="tearDown()[pri:0, instance:testCases.TC003_LoginTestDDT@16c63f5]" started-at="2024-12-19T12:12:42 IST" name="tearDown" finished-at="2024-12-19T12:12:45 IST" duration-ms="3525" status="PASS">
          <reporter-output>
          </reporter-output>
        </test-method> <!-- tearDown -->
      </class> <!-- testCases.TC003_LoginTestDDT -->
    </test> <!-- Test(failed) -->
  </suite> <!-- Failed suite [Master Suite] -->
</testng-results>
