<?xml version="1.0" encoding="UTF-8"?>
<!-- Generated by org.testng.reporters.JUnitXMLReporter -->
<testsuite ignored="0" hostname="GSPLK-LPA553" failures="2" tests="7" name="Test" time="131.053" errors="0" timestamp="2024-12-17T13:00:09 IST">
  <testcase classname="testCases.TC001_AccountRegistrationTest" name="verify_account_registration" time="5.635"/>
  <testcase classname="testCases.TC002_LoginTest" name="verify_login" time="2.108"/>
  <testcase classname="testCases.TC003_LoginTestDDT" name="loginTestDDT" time="3.03"/>
  <testcase classname="testCases.TC003_LoginTestDDT" name="loginTestDDT" time="12.552">
    <failure type="java.lang.AssertionError" message="expected [true] but found [false]">
      <![CDATA[java.lang.AssertionError: expected [true] but found [false]
at testCases.TC003_LoginTestDDT.loginTestDDT(TC003_LoginTestDDT.java:34)
at java.base/java.util.ArrayList.forEach(ArrayList.java:1597)
... Removed 29 stack frames]]>
    </failure>
  </testcase> <!-- loginTestDDT -->
  <testcase classname="testCases.TC003_LoginTestDDT" name="loginTestDDT" time="11.527">
    <failure type="java.lang.AssertionError" message="expected [true] but found [false]">
      <![CDATA[java.lang.AssertionError: expected [true] but found [false]
at testCases.TC003_LoginTestDDT.loginTestDDT(TC003_LoginTestDDT.java:34)
at java.base/java.util.ArrayList.forEach(ArrayList.java:1597)
... Removed 29 stack frames]]>
    </failure>
  </testcase> <!-- loginTestDDT -->
  <testcase classname="testCases.TC003_LoginTestDDT" name="loginTestDDT" time="11.577"/>
  <testcase classname="testCases.TC003_LoginTestDDT" name="loginTestDDT" time="11.504"/>
</testsuite> <!-- Test -->
